# JRE version: OpenJDK Runtime Environment (8.0_76-b03) (build 1.8.0_76-release-b03)
# Java VM: OpenJDK 64-Bit Server VM (25.76-b03 mixed mode linux-amd64 compressed oops)
Heap:
 PSYoungGen      total 278528K, used 75255K [0x00000000e0000000, 0x00000000f5980000, 0x0000000100000000)
  eden space 203264K, 0% used [0x00000000e0000000,0x00000000e0000000,0x00000000ec680000)
  from space 75264K, 99% used [0x00000000f1000000,0x00000000f597dda8,0x00000000f5980000)
  to   space 62464K, 0% used [0x00000000ec680000,0x00000000ec680000,0x00000000f0380000)
 ParOldGen       total 295936K, used 239212K [0x00000000a0000000, 0x00000000b2100000, 0x00000000e0000000)
  object space 295936K, 80% used [0x00000000a0000000,0x00000000ae99b190,0x00000000b2100000)
 Metaspace       used 80506K, capacity 83384K, committed 84608K, reserved 1122304K
  class space    used 10106K, capacity 10587K, committed 10880K, reserved 1048576K
GC Heap History (10 events):
Event: 936,988 GC heap after
Heap after GC invocations=28 (full 7):
 PSYoungGen      total 239104K, used 0K [0x00000000e0000000, 0x00000000f4800000, 0x0000000100000000)
  eden space 189952K, 0% used [0x00000000e0000000,0x00000000e0000000,0x00000000eb980000)
  from space 49152K, 0% used [0x00000000eb980000,0x00000000eb980000,0x00000000ee980000)
  to   space 64512K, 0% used [0x00000000f0900000,0x00000000f0900000,0x00000000f4800000)
 ParOldGen       total 188928K, used 159063K [0x00000000a0000000, 0x00000000ab880000, 0x00000000e0000000)
  object space 188928K, 84% used [0x00000000a0000000,0x00000000a9b55ff0,0x00000000ab880000)
 Metaspace       used 74205K, capacity 77196K, committed 77568K, reserved 1116160K
  class space    used 9576K, capacity 10137K, committed 10240K, reserved 1048576K
}
Event: 1655,761 GC heap before
{Heap before GC invocations=29 (full 7):
 PSYoungGen      total 239104K, used 189952K [0x00000000e0000000, 0x00000000f4800000, 0x0000000100000000)
  eden space 189952K, 100% used [0x00000000e0000000,0x00000000eb980000,0x00000000eb980000)
  from space 49152K, 0% used [0x00000000eb980000,0x00000000eb980000,0x00000000ee980000)
  to   space 64512K, 0% used [0x00000000f0900000,0x00000000f0900000,0x00000000f4800000)
 ParOldGen       total 188928K, used 159063K [0x00000000a0000000, 0x00000000ab880000, 0x00000000e0000000)
  object space 188928K, 84% used [0x00000000a0000000,0x00000000a9b55ff0,0x00000000ab880000)
 Metaspace       used 74915K, capacity 78038K, committed 78080K, reserved 1118208K
  class space    used 9647K, capacity 10238K, committed 10240K, reserved 1048576K
Event: 1655,858 GC heap after
Heap after GC invocations=29 (full 7):
 PSYoungGen      total 260096K, used 9970K [0x00000000e0000000, 0x00000000f4080000, 0x0000000100000000)
  eden space 203264K, 0% used [0x00000000e0000000,0x00000000e0000000,0x00000000ec680000)
  from space 56832K, 17% used [0x00000000f0900000,0x00000000f12bc9e0,0x00000000f4080000)
  to   space 62464K, 0% used [0x00000000ec680000,0x00000000ec680000,0x00000000f0380000)
 ParOldGen       total 188928K, used 159071K [0x00000000a0000000, 0x00000000ab880000, 0x00000000e0000000)
  object space 188928K, 84% used [0x00000000a0000000,0x00000000a9b57ff0,0x00000000ab880000)
 Metaspace       used 74915K, capacity 78038K, committed 78080K, reserved 1118208K
  class space    used 9647K, capacity 10238K, committed 10240K, reserved 1048576K
}
Event: 1658,491 GC heap before
{Heap before GC invocations=30 (full 7):
 PSYoungGen      total 260096K, used 135759K [0x00000000e0000000, 0x00000000f4080000, 0x0000000100000000)
  eden space 203264K, 61% used [0x00000000e0000000,0x00000000e7ad73b0,0x00000000ec680000)
  from space 56832K, 17% used [0x00000000f0900000,0x00000000f12bc9e0,0x00000000f4080000)
  to   space 62464K, 0% used [0x00000000ec680000,0x00000000ec680000,0x00000000f0380000)
 ParOldGen       total 188928K, used 159071K [0x00000000a0000000, 0x00000000ab880000, 0x00000000e0000000)
  object space 188928K, 84% used [0x00000000a0000000,0x00000000a9b57ff0,0x00000000ab880000)
 Metaspace       used 78181K, capacity 81322K, committed 81664K, reserved 1120256K
  class space    used 10029K, capacity 10640K, committed 10752K, reserved 1048576K
Event: 1658,618 GC heap after
Heap after GC invocations=30 (full 7):
 PSYoungGen      total 265728K, used 62441K [0x00000000e0000000, 0x00000000f5980000, 0x0000000100000000)
  eden space 203264K, 0% used [0x00000000e0000000,0x00000000e0000000,0x00000000ec680000)
  from space 62464K, 99% used [0x00000000ec680000,0x00000000f037a410,0x00000000f0380000)
  to   space 75264K, 0% used [0x00000000f1000000,0x00000000f1000000,0x00000000f5980000)
 ParOldGen       total 188928K, used 164530K [0x00000000a0000000, 0x00000000ab880000, 0x00000000e0000000)
  object space 188928K, 87% used [0x00000000a0000000,0x00000000aa0acb00,0x00000000ab880000)
 Metaspace       used 78181K, capacity 81322K, committed 81664K, reserved 1120256K
  class space    used 10029K, capacity 10640K, committed 10752K, reserved 1048576K
}
Event: 1658,619 GC heap before
{Heap before GC invocations=31 (full 8):
 PSYoungGen      total 265728K, used 62441K [0x00000000e0000000, 0x00000000f5980000, 0x0000000100000000)
  eden space 203264K, 0% used [0x00000000e0000000,0x00000000e0000000,0x00000000ec680000)
  from space 62464K, 99% used [0x00000000ec680000,0x00000000f037a410,0x00000000f0380000)
  to   space 75264K, 0% used [0x00000000f1000000,0x00000000f1000000,0x00000000f5980000)
 ParOldGen       total 188928K, used 164530K [0x00000000a0000000, 0x00000000ab880000, 0x00000000e0000000)
  object space 188928K, 87% used [0x00000000a0000000,0x00000000aa0acb00,0x00000000ab880000)
 Metaspace       used 78181K, capacity 81322K, committed 81664K, reserved 1120256K
  class space    used 10029K, capacity 10640K, committed 10752K, reserved 1048576K
Event: 1660,193 GC heap after
Heap after GC invocations=31 (full 8):
 PSYoungGen      total 265728K, used 17358K [0x00000000e0000000, 0x00000000f5980000, 0x0000000100000000)
  eden space 203264K, 0% used [0x00000000e0000000,0x00000000e0000000,0x00000000ec680000)
  from space 62464K, 27% used [0x00000000ec680000,0x00000000ed773a78,0x00000000f0380000)
  to   space 75264K, 0% used [0x00000000f1000000,0x00000000f1000000,0x00000000f5980000)
 ParOldGen       total 188928K, used 188792K [0x00000000a0000000, 0x00000000ab880000, 0x00000000e0000000)
  object space 188928K, 99% used [0x00000000a0000000,0x00000000ab85e360,0x00000000ab880000)
 Metaspace       used 76214K, capacity 78424K, committed 81664K, reserved 1120256K
  class space    used 9629K, capacity 10015K, committed 10752K, reserved 1048576K
}
Event: 1728,351 GC heap before
{Heap before GC invocations=32 (full 9):
 PSYoungGen      total 265728K, used 220622K [0x00000000e0000000, 0x00000000f5980000, 0x0000000100000000)
  eden space 203264K, 100% used [0x00000000e0000000,0x00000000ec680000,0x00000000ec680000)
  from space 62464K, 27% used [0x00000000ec680000,0x00000000ed773a78,0x00000000f0380000)
  to   space 75264K, 0% used [0x00000000f1000000,0x00000000f1000000,0x00000000f5980000)
 ParOldGen       total 188928K, used 188792K [0x00000000a0000000, 0x00000000ab880000, 0x00000000e0000000)
  object space 188928K, 99% used [0x00000000a0000000,0x00000000ab85e360,0x00000000ab880000)
 Metaspace       used 77076K, capacity 79794K, committed 81664K, reserved 1120256K
  class space    used 9723K, capacity 10150K, committed 10752K, reserved 1048576K
Event: 1730,898 GC heap after
Heap after GC invocations=32 (full 9):
 PSYoungGen      total 265728K, used 49806K [0x00000000e0000000, 0x00000000f5980000, 0x0000000100000000)
  eden space 203264K, 24% used [0x00000000e0000000,0x00000000e30a38b8,0x00000000ec680000)
  from space 62464K, 0% used [0x00000000ec680000,0x00000000ec680000,0x00000000f0380000)
  to   space 75264K, 0% used [0x00000000f1000000,0x00000000f1000000,0x00000000f5980000)
 ParOldGen       total 295936K, used 188897K [0x00000000a0000000, 0x00000000b2100000, 0x00000000e0000000)
  object space 295936K, 63% used [0x00000000a0000000,0x00000000ab8787e0,0x00000000b2100000)
 Metaspace       used 77076K, capacity 79794K, committed 81664K, reserved 1120256K
  class space    used 9723K, capacity 10150K, committed 10752K, reserved 1048576K
}
Event: 1734,212 GC heap before
{Heap before GC invocations=33 (full 9):
 PSYoungGen      total 265728K, used 203264K [0x00000000e0000000, 0x00000000f5980000, 0x0000000100000000)
  eden space 203264K, 100% used [0x00000000e0000000,0x00000000ec680000,0x00000000ec680000)
  from space 62464K, 0% used [0x00000000ec680000,0x00000000ec680000,0x00000000f0380000)
  to   space 75264K, 0% used [0x00000000f1000000,0x00000000f1000000,0x00000000f5980000)
 ParOldGen       total 295936K, used 188897K [0x00000000a0000000, 0x00000000b2100000, 0x00000000e0000000)
  object space 295936K, 63% used [0x00000000a0000000,0x00000000ab8787e0,0x00000000b2100000)
 Metaspace       used 80506K, capacity 83384K, committed 84608K, reserved 1122304K
  class space    used 10106K, capacity 10587K, committed 10880K, reserved 1048576K

